#
# There is insufficient memory for the Java Runtime Environment to continue.
# Native memory allocation (malloc) failed to allocate 32744 bytes for ChunkPool::allocate
# Possible reasons:
#   The system is out of physical RAM or swap space
#   The process is running with CompressedOops enabled, and the Java Heap may be blocking the growth of the native heap
# Possible solutions:
#   Reduce memory load on the system
#   Increase physical memory or swap space
#   Check if swap backing store is full
#   Decrease Java heap size (-Xmx/-Xms)
#   Decrease number of Java threads
#   Decrease Java thread stack sizes (-Xss)
#   Set larger code cache with -XX:ReservedCodeCacheSize=
#   JVM is running with Unscaled Compressed Oops mode in which the Java heap is
#     placed in the first 4GB address space. The Java Heap base address is the
#     maximum limit for the native heap growth. Please use -XX:HeapBaseMinAddress
#     to set the Java Heap base and to place the Java Heap above 4GB virtual address.
# This output file may be truncated or incomplete.
#
#  Out of Memory Error (allocation.cpp:272), pid=18956, tid=0x0000000000002740
#
# JRE version: Java(TM) SE Runtime Environment (8.0_231-b11) (build 1.8.0_231-b11)
# Java VM: Java HotSpot(TM) 64-Bit Server VM (25.231-b11 mixed mode windows-amd64 compressed oops)
# Failed to write core dump. Minidumps are not enabled by default on client versions of Windows
#

---------------  T H R E A D  ---------------

Current thread (0x000000001764d800):  JavaThread "C2 CompilerThread1" daemon [_thread_in_native, id=10048, stack(0x0000000018dc0000,0x0000000018ec0000)]

Stack: [0x0000000018dc0000,0x0000000018ec0000]
[error occurred during error reporting (printing stack bounds), id 0xc0000005]

Native frames: (J=compiled Java code, j=interpreted, Vv=VM code, C=native code)


Current CompileTask:
C2: 111107 2767   !   4       sun.awt.PostEventQueue::flush (168 bytes)


---------------  P R O C E S S  ---------------

Java Threads: ( => current thread )
  0x00000000007ee800 JavaThread "DestroyJavaVM" [_thread_blocked, id=13220, stack(0x0000000002920000,0x0000000002a20000)]
  0x0000000019955000 JavaThread "TimerQueue" daemon [_thread_blocked, id=20452, stack(0x000000001bbe0000,0x000000001bce0000)]
  0x00000000198d0800 JavaThread "AWT-EventQueue-0" [_thread_blocked, id=17092, stack(0x000000001b620000,0x000000001b720000)]
  0x00000000198ca800 JavaThread "AWT-Shutdown" [_thread_blocked, id=16224, stack(0x000000001b520000,0x000000001b620000)]
  0x0000000019870000 JavaThread "Swing-Shell" daemon [_thread_blocked, id=15248, stack(0x000000001a930000,0x000000001aa30000)]
  0x00000000197e9000 JavaThread "AWT-Windows" daemon [_thread_in_native, id=5304, stack(0x000000001a130000,0x000000001a230000)]
  0x000000001979e800 JavaThread "Java2D Disposer" daemon [_thread_blocked, id=19056, stack(0x0000000019f30000,0x000000001a030000)]
  0x0000000018ff2800 JavaThread "Service Thread" daemon [_thread_blocked, id=12552, stack(0x00000000193c0000,0x00000000194c0000)]
  0x0000000017652000 JavaThread "C1 CompilerThread2" daemon [_thread_blocked, id=4244, stack(0x0000000018ec0000,0x0000000018fc0000)]
=>0x000000001764d800 JavaThread "C2 CompilerThread1" daemon [_thread_in_native, id=10048, stack(0x0000000018dc0000,0x0000000018ec0000)]
  0x000000001763e800 JavaThread "C2 CompilerThread0" daemon [_thread_blocked, id=16240, stack(0x0000000018cc0000,0x0000000018dc0000)]
  0x000000001763d800 JavaThread "Attach Listener" daemon [_thread_blocked, id=12304, stack(0x0000000018bc0000,0x0000000018cc0000)]
  0x000000001763c000 JavaThread "Signal Dispatcher" daemon [_thread_blocked, id=18464, stack(0x0000000018ac0000,0x0000000018bc0000)]
  0x0000000017630000 JavaThread "Finalizer" daemon [_thread_blocked, id=16636, stack(0x0000000018890000,0x0000000018990000)]
  0x0000000002b12000 JavaThread "Reference Handler" daemon [_thread_blocked, id=17508, stack(0x0000000018790000,0x0000000018890000)]

Other Threads:
  0x0000000017608000 VMThread [stack: 0x0000000018690000,0x0000000018790000] [id=8544]
  0x0000000018ff3800 WatcherThread [stack: 0x00000000194c0000,0x00000000195c0000] [id=17732]

VM state:not at safepoint (normal execution)

VM Mutex/Monitor currently owned by a thread: None

heap address: 0x0000000081e00000, size: 2018 MB, Compressed Oops mode: 32-bit
Narrow klass base: 0x0000000000000000, Narrow klass shift: 3
Compressed class space size: 1073741824 Address: 0x0000000100000000

Heap:
 PSYoungGen      total 38400K, used 24682K [0x00000000d5f80000, 0x00000000d8a00000, 0x0000000100000000)
  eden space 33280K, 58% used [0x00000000d5f80000,0x00000000d729c400,0x00000000d8000000)
  from space 5120K, 99% used [0x00000000d8000000,0x00000000d84fe790,0x00000000d8500000)
  to   space 5120K, 0% used [0x00000000d8500000,0x00000000d8500000,0x00000000d8a00000)
 ParOldGen       total 87552K, used 1272K [0x0000000081e00000, 0x0000000087380000, 0x00000000d5f80000)
  object space 87552K, 1% used [0x0000000081e00000,0x0000000081f3e2b8,0x0000000087380000)
 Metaspace       used 20007K, capacity 20280K, committed 20352K, reserved 1067008K
  class space    used 2842K, capacity 2932K, committed 2944K, reserved 1048576K

Card table byte_map: [0x0000000011ee0000,0x00000000122e0000] byte_map_base: 0x0000000011ad1000

Marking Bits: (ParMarkBitMap*) 0x0000000057576d90
 Begin Bits: [0x0000000012990000, 0x0000000014918000)
 End Bits:   [0x0000000014918000, 0x00000000168a0000)

Polling page: 0x00000000007f0000

CodeCache: size=245760Kb used=9190Kb max_used=9199Kb free=236569Kb
 bounds [0x0000000002b20000, 0x0000000003430000, 0x0000000011b20000]
 total_blobs=3212 nmethods=2679 adapters=444
 compilation: enabled

Compilation events (10 events):
Event: 29.075 Thread 0x0000000017652000 2759       3       com.sun.org.apache.xml.internal.serializer.ToUnknownStream::addAttribute (23 bytes)
Event: 29.076 Thread 0x0000000017652000 nmethod 2759 0x00000000034072d0 code [0x0000000003407440, 0x00000000034076f8]
Event: 29.076 Thread 0x0000000017652000 2760       3       com.sun.org.apache.xml.internal.serializer.SerializerBase::addAttribute (45 bytes)
Event: 29.076 Thread 0x0000000017652000 nmethod 2760 0x000000000341dad0 code [0x000000000341dc80, 0x000000000341e3c8]
Event: 29.076 Thread 0x0000000017652000 2761       3       com.sun.org.apache.xml.internal.serializer.SerializerBase::patchName (95 bytes)
Event: 29.077 Thread 0x0000000017652000 nmethod 2761 0x000000000341e650 code [0x000000000341e8e0, 0x000000000341fc78]
Event: 29.081 Thread 0x000000001763e800 nmethod 2765 0x00000000034238d0 code [0x0000000003423a40, 0x0000000003424008]
Event: 29.796 Thread 0x0000000017652000 2766       3       sun.swing.ImageCache$Entry::equals (147 bytes)
Event: 29.800 Thread 0x0000000017652000 nmethod 2766 0x0000000003422c50 code [0x0000000003422e00, 0x0000000003423608]
Event: 110.959 Thread 0x000000001764d800 2767   !   4       sun.awt.PostEventQueue::flush (168 bytes)

GC Heap History (2 events):
Event: 21.641 GC heap before
{Heap before GC invocations=1 (full 0):
 PSYoungGen      total 38400K, used 33280K [0x00000000d5f80000, 0x00000000d8a00000, 0x0000000100000000)
  eden space 33280K, 100% used [0x00000000d5f80000,0x00000000d8000000,0x00000000d8000000)
  from space 5120K, 0% used [0x00000000d8500000,0x00000000d8500000,0x00000000d8a00000)
  to   space 5120K, 0% used [0x00000000d8000000,0x00000000d8000000,0x00000000d8500000)
 ParOldGen       total 87552K, used 0K [0x0000000081e00000, 0x0000000087380000, 0x00000000d5f80000)
  object space 87552K, 0% used [0x0000000081e00000,0x0000000081e00000,0x0000000087380000)
 Metaspace       used 17274K, capacity 17488K, committed 17792K, reserved 1064960K
  class space    used 2512K, capacity 2578K, committed 2688K, reserved 1048576K
Event: 21.649 GC heap after
Heap after GC invocations=1 (full 0):
 PSYoungGen      total 38400K, used 5113K [0x00000000d5f80000, 0x00000000d8a00000, 0x0000000100000000)
  eden space 33280K, 0% used [0x00000000d5f80000,0x00000000d5f80000,0x00000000d8000000)
  from space 5120K, 99% used [0x00000000d8000000,0x00000000d84fe790,0x00000000d8500000)
  to   space 5120K, 0% used [0x00000000d8500000,0x00000000d8500000,0x00000000d8a00000)
 ParOldGen       total 87552K, used 1272K [0x0000000081e00000, 0x0000000087380000, 0x00000000d5f80000)
  object space 87552K, 1% used [0x0000000081e00000,0x0000000081f3e2b8,0x0000000087380000)
 Metaspace       used 17274K, capacity 17488K, committed 17792K, reserved 1064960K
  class space    used 2512K, capacity 2578K, committed 2688K, reserved 1048576K
}

Deoptimization events (10 events):
Event: 28.862 Thread 0x00000000198d0800 Uncommon trap: reason=class_check action=maybe_recompile pc=0x00000000033a95b8 method=com.sun.org.apache.xerces.internal.dom.NamedNodeMapImpl.getNamedItemNS(Ljava/lang/String;Ljava/lang/String;)Lorg/w3c/dom/Node; @ 28
Event: 28.895 Thread 0x00000000198d0800 Uncommon trap: reason=class_check action=maybe_recompile pc=0x00000000033c115c method=com.sun.org.apache.xerces.internal.dom.NamedNodeMapImpl.getNamedItemNS(Ljava/lang/String;Ljava/lang/String;)Lorg/w3c/dom/Node; @ 28
Event: 28.975 Thread 0x00000000198d0800 Uncommon trap: reason=unstable_if action=reinterpret pc=0x00000000032c6568 method=com.sun.org.apache.xerces.internal.dom.ChildNode.getParentNode()Lorg/w3c/dom/Node; @ 4
Event: 29.040 Thread 0x00000000198d0800 Uncommon trap: reason=bimorphic action=maybe_recompile pc=0x00000000033d1c50 method=java.util.HashMap.putVal(ILjava/lang/Object;Ljava/lang/Object;ZZ)Ljava/lang/Object; @ 203
Event: 29.040 Thread 0x00000000198d0800 Uncommon trap: reason=bimorphic action=maybe_recompile pc=0x00000000033d1c50 method=java.util.HashMap.putVal(ILjava/lang/Object;Ljava/lang/Object;ZZ)Ljava/lang/Object; @ 203
Event: 29.041 Thread 0x00000000198d0800 Uncommon trap: reason=bimorphic action=maybe_recompile pc=0x00000000033d1c50 method=java.util.HashMap.putVal(ILjava/lang/Object;Ljava/lang/Object;ZZ)Ljava/lang/Object; @ 203
Event: 29.070 Thread 0x00000000198d0800 Uncommon trap: reason=class_check action=maybe_recompile pc=0x00000000033f94c0 method=com.sun.org.apache.xerces.internal.dom.NamedNodeMapImpl.item(I)Lorg/w3c/dom/Node; @ 33
Event: 29.070 Thread 0x00000000198d0800 Uncommon trap: reason=class_check action=maybe_recompile pc=0x00000000033f94c0 method=com.sun.org.apache.xerces.internal.dom.NamedNodeMapImpl.item(I)Lorg/w3c/dom/Node; @ 33
Event: 29.070 Thread 0x00000000198d0800 Uncommon trap: reason=class_check action=maybe_recompile pc=0x00000000033f94c0 method=com.sun.org.apache.xerces.internal.dom.NamedNodeMapImpl.item(I)Lorg/w3c/dom/Node; @ 33
Event: 29.070 Thread 0x00000000198d0800 Uncommon trap: reason=class_check action=maybe_recompile pc=0x00000000033f94c0 method=com.sun.org.apache.xerces.internal.dom.NamedNodeMapImpl.item(I)Lorg/w3c/dom/Node; @ 33

Classes redefined (0 events):
No events

Internal exceptions (10 events):
Event: 0.235 Thread 0x00000000007ee800 Exception <a 'java/security/PrivilegedActionException'> (0x00000000d6018a78) thrown at [C:\re\workspace\8-2-build-windows-amd64-cygwin\jdk8u231\13620\hotspot\src\share\vm\prims\jvm.cpp, line 1502]
Event: 0.266 Thread 0x00000000007ee800 Exception <a 'java/io/FileNotFoundException'> (0x00000000d6137a38) thrown at [C:\re\workspace\8-2-build-windows-amd64-cygwin\jdk8u231\13620\hotspot\src\share\vm\prims\jni.cpp, line 710]
Event: 0.319 Thread 0x00000000007ee800 Exception <a 'java/lang/NoSuchFieldError': method resolution failed> (0x00000000d6208948) thrown at [C:\re\workspace\8-2-build-windows-amd64-cygwin\jdk8u231\13620\hotspot\src\share\vm\prims\methodHandles.cpp, line 1167]
Event: 0.324 Thread 0x00000000007ee800 Exception <a 'java/lang/NoSuchFieldError': method resolution failed> (0x00000000d6215d18) thrown at [C:\re\workspace\8-2-build-windows-amd64-cygwin\jdk8u231\13620\hotspot\src\share\vm\prims\methodHandles.cpp, line 1167]
Event: 0.444 Thread 0x00000000007ee800 Exception <a 'java/io/FileNotFoundException'> (0x00000000d63a3440) thrown at [C:\re\workspace\8-2-build-windows-amd64-cygwin\jdk8u231\13620\hotspot\src\share\vm\prims\jni.cpp, line 710]
Event: 22.102 Thread 0x00000000007ee800 Implicit null exception at 0x0000000002f99fb0 to 0x0000000002f9a0f1
Event: 28.698 Thread 0x00000000198d0800 Implicit null exception at 0x00000000032f99f5 to 0x00000000032f9b8d
Event: 28.699 Thread 0x00000000198d0800 Implicit null exception at 0x00000000032f8dd2 to 0x00000000032f8f45
Event: 28.705 Thread 0x00000000198d0800 Implicit null exception at 0x00000000032fba92 to 0x00000000032fbc05
Event: 28.815 Thread 0x00000000198d0800 Implicit null exception at 0x00000000033976bb to 0x00000000033982bd

Events (10 events):
Event: 29.070 Thread 0x00000000198d0800 DEOPT PACKING pc=0x00000000033f94c0 sp=0x000000001b71bea0
Event: 29.070 Thread 0x00000000198d0800 DEOPT UNPACKING pc=0x0000000002b6583b sp=0x000000001b71be38 mode 2
Event: 29.070 Thread 0x00000000198d0800 Uncommon trap: trap_request=0xffffffde fr.pc=0x00000000033f94c0
Event: 29.070 Thread 0x00000000198d0800 DEOPT PACKING pc=0x00000000033f94c0 sp=0x000000001b71bea0
Event: 29.070 Thread 0x00000000198d0800 DEOPT UNPACKING pc=0x0000000002b6583b sp=0x000000001b71be38 mode 2
Event: 29.070 Thread 0x00000000198d0800 Uncommon trap: trap_request=0xffffffde fr.pc=0x00000000033f94c0
Event: 29.070 Thread 0x00000000198d0800 DEOPT PACKING pc=0x00000000033f94c0 sp=0x000000001b71bea0
Event: 29.070 Thread 0x00000000198d0800 DEOPT UNPACKING pc=0x0000000002b6583b sp=0x000000001b71be38 mode 2
Event: 29.072 loading class com/sun/org/apache/xml/internal/serializer/WriterToASCI
Event: 29.072 loading class com/sun/org/apache/xml/internal/serializer/WriterToASCI done


Dynamic libraries:
0x00007ff6f0760000 - 0x00007ff6f0797000 	C:\Program Files\Java\jre1.8.0_231\bin\javaw.exe
0x00007fffb5500000 - 0x00007fffb56f0000 	C:\WINDOWS\SYSTEM32\ntdll.dll
0x00007fffb4170000 - 0x00007fffb4222000 	C:\WINDOWS\System32\KERNEL32.DLL
0x00007fffb2eb0000 - 0x00007fffb3153000 	C:\WINDOWS\System32\KERNELBASE.dll
0x00007fffb4040000 - 0x00007fffb40e3000 	C:\WINDOWS\System32\ADVAPI32.dll
0x00007fffb38f0000 - 0x00007fffb398e000 	C:\WINDOWS\System32\msvcrt.dll
0x00007fffb3780000 - 0x00007fffb3817000 	C:\WINDOWS\System32\sechost.dll
0x00007fffb35b0000 - 0x00007fffb36d0000 	C:\WINDOWS\System32\RPCRT4.dll
0x00007fffb3aa0000 - 0x00007fffb3c34000 	C:\WINDOWS\System32\USER32.dll
0x00007fffb2cb0000 - 0x00007fffb2cd1000 	C:\WINDOWS\System32\win32u.dll
0x00007fffb4520000 - 0x00007fffb4546000 	C:\WINDOWS\System32\GDI32.dll
0x00007fffb2ce0000 - 0x00007fffb2e74000 	C:\WINDOWS\System32\gdi32full.dll
0x00007fffb3510000 - 0x00007fffb35ae000 	C:\WINDOWS\System32\msvcp_win.dll
0x00007fffb3210000 - 0x00007fffb330a000 	C:\WINDOWS\System32\ucrtbase.dll
0x00007fffaa020000 - 0x00007fffaa2a5000 	C:\WINDOWS\WinSxS\amd64_microsoft.windows.common-controls_6595b64144ccf1df_6.0.18362.778_none_e6c6b761130d4fb8\COMCTL32.dll
0x00007fffb50d0000 - 0x00007fffb5406000 	C:\WINDOWS\System32\combase.dll
0x00007fffb2c10000 - 0x00007fffb2c90000 	C:\WINDOWS\System32\bcryptPrimitives.dll
0x00007fffb5410000 - 0x00007fffb543e000 	C:\WINDOWS\System32\IMM32.DLL
0x0000000056b90000 - 0x0000000056c62000 	C:\Program Files\Java\jre1.8.0_231\bin\msvcr100.dll
0x0000000056d50000 - 0x00000000575f6000 	C:\Program Files\Java\jre1.8.0_231\bin\server\jvm.dll
0x00007fffb4030000 - 0x00007fffb4038000 	C:\WINDOWS\System32\PSAPI.DLL
0x00007fffacf90000 - 0x00007fffacf99000 	C:\WINDOWS\SYSTEM32\WSOCK32.dll
0x00007fffac6b0000 - 0x00007fffac6d4000 	C:\WINDOWS\SYSTEM32\WINMM.dll
0x00007fffb3ed0000 - 0x00007fffb3f3f000 	C:\WINDOWS\System32\WS2_32.dll
0x00007fffab670000 - 0x00007fffab67a000 	C:\WINDOWS\SYSTEM32\VERSION.dll
0x00007fffac680000 - 0x00007fffac6ad000 	C:\WINDOWS\SYSTEM32\WINMMBASE.dll
0x00007fffb3460000 - 0x00007fffb34aa000 	C:\WINDOWS\System32\cfgmgr32.dll
0x00007fffacf80000 - 0x00007fffacf8f000 	C:\Program Files\Java\jre1.8.0_231\bin\verify.dll
0x00007fffab810000 - 0x00007fffab839000 	C:\Program Files\Java\jre1.8.0_231\bin\java.dll
0x00007fffac4d0000 - 0x00007fffac4e6000 	C:\Program Files\Java\jre1.8.0_231\bin\zip.dll
0x00007fffb4560000 - 0x00007fffb4c45000 	C:\WINDOWS\System32\SHELL32.dll
0x00007fffb3990000 - 0x00007fffb3a39000 	C:\WINDOWS\System32\shcore.dll
0x00007fffb2490000 - 0x00007fffb2c10000 	C:\WINDOWS\System32\windows.storage.dll
0x00007fffb23f0000 - 0x00007fffb2413000 	C:\WINDOWS\System32\profapi.dll
0x00007fffb2440000 - 0x00007fffb248a000 	C:\WINDOWS\System32\powrprof.dll
0x00007fffb23c0000 - 0x00007fffb23d0000 	C:\WINDOWS\System32\UMPDC.dll
0x00007fffb3a40000 - 0x00007fffb3a92000 	C:\WINDOWS\System32\shlwapi.dll
0x00007fffb2420000 - 0x00007fffb2431000 	C:\WINDOWS\System32\kernel.appcore.dll
0x00007fffb2c90000 - 0x00007fffb2ca7000 	C:\WINDOWS\System32\cryptsp.dll
0x00007fff9c010000 - 0x00007fff9c1aa000 	C:\Program Files\Java\jre1.8.0_231\bin\awt.dll
0x00007fffb3820000 - 0x00007fffb38e4000 	C:\WINDOWS\System32\OLEAUT32.dll
0x00007fffb0460000 - 0x00007fffb04ef000 	C:\WINDOWS\SYSTEM32\apphelp.dll
0x00007fffb0860000 - 0x00007fffb08f9000 	C:\WINDOWS\system32\uxtheme.dll
0x00007fffb43e0000 - 0x00007fffb4516000 	C:\WINDOWS\System32\MSCTF.dll
0x00007fffb3c40000 - 0x00007fffb3d97000 	C:\WINDOWS\System32\ole32.dll
0x00007fffb0bf0000 - 0x00007fffb0c1d000 	C:\WINDOWS\system32\DWMAPI.DLL
0x00007fffaa310000 - 0x00007fffaa3b9000 	C:\WINDOWS\WinSxS\amd64_microsoft.windows.common-controls_6595b64144ccf1df_5.82.18362.778_none_2a29d4a64667eb69\comctl32.dll
0x00007fffa2920000 - 0x00007fffa2969000 	C:\Program Files\Java\jre1.8.0_231\bin\fontmanager.dll
0x00007fff8ef70000 - 0x00007fff8f0c6000 	C:\WINDOWS\system32\opengl32.dll
0x00007fff8ef00000 - 0x00007fff8ef2c000 	C:\WINDOWS\SYSTEM32\GLU32.dll
0x00007fffb0e30000 - 0x00007fffb0e50000 	C:\WINDOWS\SYSTEM32\dxcore.dll
0x00007fffac010000 - 0x00007fffac02a000 	C:\Program Files\Java\jre1.8.0_231\bin\net.dll
0x00007fffb1bd0000 - 0x00007fffb1c37000 	C:\WINDOWS\system32\mswsock.dll
0x00007fffa9660000 - 0x00007fffa9672000 	C:\Program Files\Java\jre1.8.0_231\bin\nio.dll
0x00007fffa2840000 - 0x00007fffa2882000 	C:\Program Files\Java\jre1.8.0_231\bin\t2k.dll
0x00007fffb36d0000 - 0x00007fffb3772000 	C:\WINDOWS\System32\clbcatq.dll
0x00007fffaeda0000 - 0x00007fffaee8f000 	C:\WINDOWS\SYSTEM32\PROPSYS.dll
0x00007fffa2cc0000 - 0x00007fffa2cd6000 	C:\WINDOWS\system32\NetworkExplorer.dll
0x00007fffae5d0000 - 0x00007fffae5eb000 	C:\WINDOWS\SYSTEM32\MPR.dll
0x00007fff9b200000 - 0x00007fff9b20b000 	C:\WINDOWS\System32\drprov.dll
0x00007fffb2250000 - 0x00007fffb22ac000 	C:\WINDOWS\System32\WINSTA.dll
0x00007fff98e50000 - 0x00007fff98e65000 	C:\WINDOWS\System32\ntlanman.dll
0x00007fff8c770000 - 0x00007fff8c78d000 	C:\WINDOWS\System32\davclnt.dll
0x00007fff98e40000 - 0x00007fff98e4c000 	C:\WINDOWS\System32\DAVHLPR.dll
0x00007fffac800000 - 0x00007fffac817000 	C:\WINDOWS\System32\wkscli.dll
0x00007fffb2e80000 - 0x00007fffb2ea6000 	C:\WINDOWS\System32\bcrypt.dll
0x00007fffae6e0000 - 0x00007fffae6f2000 	C:\WINDOWS\SYSTEM32\cscapi.dll
0x00007fffb1a40000 - 0x00007fffb1a4c000 	C:\WINDOWS\System32\netutils.dll
0x00007fffa87b0000 - 0x00007fffa8803000 	C:\Windows\System32\dlnashext.dll
0x00007fffa09f0000 - 0x00007fffa0a54000 	C:\Windows\System32\PlayToDevice.dll
0x00007fff977a0000 - 0x00007fff977c0000 	C:\Windows\System32\DevDispItemProvider.dll
0x00007fffad6e0000 - 0x00007fffad752000 	C:\WINDOWS\System32\MMDevApi.dll
0x00007fffb2160000 - 0x00007fffb218a000 	C:\WINDOWS\System32\DEVOBJ.dll
0x00007fff9c940000 - 0x00007fff9c9db000 	C:\WINDOWS\system32\wpdshext.dll
0x00007fffa9820000 - 0x00007fffa99c3000 	C:\WINDOWS\WinSxS\amd64_microsoft.windows.gdiplus_6595b64144ccf1df_1.1.18362.778_none_17b1aa466d9fc986\gdiplus.dll
0x00007fff84430000 - 0x00007fff844ce000 	C:\Windows\System32\PortableDeviceApi.dll
0x00007fffb4c50000 - 0x00007fffb50c0000 	C:\WINDOWS\System32\SETUPAPI.dll
0x00007fffb34b0000 - 0x00007fffb350c000 	C:\WINDOWS\System32\WINTRUST.dll
0x00007fffb23d0000 - 0x00007fffb23e2000 	C:\WINDOWS\System32\MSASN1.dll
0x00007fffb3310000 - 0x00007fffb3459000 	C:\WINDOWS\System32\CRYPT32.dll
0x00007fff94070000 - 0x00007fff940a7000 	C:\Windows\System32\EhStorShell.dll
0x00007fffaa710000 - 0x00007fffaa735000 	C:\Windows\System32\EhStorAPI.dll
0x00007fffae3b0000 - 0x00007fffae3c3000 	C:\Windows\System32\WTSAPI32.dll
0x00007fffa2bd0000 - 0x00007fffa2bdd000 	C:\WINDOWS\SYSTEM32\LINKINFO.dll
0x00007fff97a00000 - 0x00007fff97a93000 	C:\Windows\System32\appresolver.dll
0x00007fffa9330000 - 0x00007fffa938d000 	C:\Windows\System32\Bcp47Langs.dll
0x00007fffb12d0000 - 0x00007fffb12f7000 	C:\Windows\System32\SLC.dll
0x00007fffb22e0000 - 0x00007fffb2305000 	C:\Windows\System32\USERENV.dll
0x00007fffb12a0000 - 0x00007fffb12c6000 	C:\Windows\System32\sppc.dll
0x00007fffa60f0000 - 0x00007fffa629f000 	C:\WINDOWS\SYSTEM32\WindowsCodecs.dll
0x00007fffae5f0000 - 0x00007fffae62a000 	C:\WINDOWS\system32\dataexchange.dll
0x00007fffaf620000 - 0x00007fffaf87b000 	C:\WINDOWS\system32\d3d11.dll
0x00007fffb0050000 - 0x00007fffb022c000 	C:\WINDOWS\system32\dcomp.dll
0x00007fffb0e50000 - 0x00007fffb0f3b000 	C:\WINDOWS\system32\dxgi.dll
0x00007fffb04f0000 - 0x00007fffb074a000 	C:\WINDOWS\system32\twinapi.appcore.dll
0x00007fffb0c20000 - 0x00007fffb0c49000 	C:\WINDOWS\system32\RMCLIENT.dll
0x00007fffa8b60000 - 0x00007fffa8bfe000 	C:\WINDOWS\System32\TextInputFramework.dll
0x00007fffb0350000 - 0x00007fffb0424000 	C:\WINDOWS\System32\CoreMessaging.dll
0x00007fffa8c00000 - 0x00007fffa8f2a000 	C:\WINDOWS\System32\CoreUIComponents.dll
0x00007fffb13f0000 - 0x00007fffb1421000 	C:\WINDOWS\SYSTEM32\ntmarta.dll
0x00007fffadcd0000 - 0x00007fffade23000 	C:\WINDOWS\SYSTEM32\wintypes.dll
0x00007fffa59c0000 - 0x00007fffa5c66000 	C:\WINDOWS\System32\iertutil.dll
0x00007fffb1740000 - 0x00007fffb1773000 	C:\WINDOWS\system32\rsaenh.dll
0x00007fffb1da0000 - 0x00007fffb1dac000 	C:\WINDOWS\SYSTEM32\CRYPTBASE.dll
0x00007fffb18e0000 - 0x00007fffb191a000 	C:\WINDOWS\SYSTEM32\IPHLPAPI.DLL
0x00007fffb4550000 - 0x00007fffb4558000 	C:\WINDOWS\System32\NSI.dll
0x00007fffabfc0000 - 0x00007fffabfd6000 	C:\WINDOWS\SYSTEM32\dhcpcsvc6.DLL
0x00007fffacc60000 - 0x00007fffacc7c000 	C:\WINDOWS\SYSTEM32\dhcpcsvc.DLL
0x00007fffb1970000 - 0x00007fffb1a3a000 	C:\WINDOWS\SYSTEM32\DNSAPI.dll

VM Arguments:
jvm_args: -Dfile.encoding=UTF-8 
java_command: functionality.Main
java_class_path (initial): C:\Users\Micha\git\master-thesis-prototype\master-thesis-prototype\target\classes;C:\Users\Micha\.m2\repository\org\camunda\bpm\camunda-engine\7.11.0\camunda-engine-7.11.0.jar;C:\Users\Micha\.m2\repository\org\camunda\bpm\model\camunda-bpmn-model\7.11.0\camunda-bpmn-model-7.11.0.jar;C:\Users\Micha\.m2\repository\org\camunda\bpm\model\camunda-xml-model\7.11.0\camunda-xml-model-7.11.0.jar;C:\Users\Micha\.m2\repository\org\camunda\bpm\model\camunda-cmmn-model\7.11.0\camunda-cmmn-model-7.11.0.jar;C:\Users\Micha\.m2\repository\org\camunda\bpm\dmn\camunda-engine-dmn\7.11.0\camunda-engine-dmn-7.11.0.jar;C:\Users\Micha\.m2\repository\org\camunda\bpm\model\camunda-dmn-model\7.11.0\camunda-dmn-model-7.11.0.jar;C:\Users\Micha\.m2\repository\org\camunda\bpm\dmn\camunda-engine-feel-api\7.11.0\camunda-engine-feel-api-7.11.0.jar;C:\Users\Micha\.m2\repository\org\camunda\bpm\dmn\camunda-engine-feel-juel\7.11.0\camunda-engine-feel-juel-7.11.0.jar;C:\Users\Micha\.m2\repository\org\camunda\commons\camunda-commons-logging\1.7.1\camunda-commons-logging-1.7.1.jar;C:\Users\Micha\.m2\repository\org\camunda\commons\camunda-commons-typed-values\1.7.1\camunda-commons-typed-values-1.7.1.jar;C:\Users\Micha\.m2\repository\org\mybatis\mybatis\3.4.4\mybatis-3.4.4.jar;C:\Users\Micha\.m2\repository\org\springframework\spring-beans\3.2.18.RELEASE\spring-beans-3.2.18.RELEASE.jar;C:\Users\Micha\.m2\repository\org\springframework\spring-core\3.2.18.RELEASE\spring-core-3.2.18.RELEASE.jar;C:\Users\Micha\.m2\repository\commons-logging\commons-logging\1.1.3\commons-logging-1.1.3.jar;C:\Users\Micha\.m2\repository\com\google\code\gson\gson\2.8.5\gson-2.8.5.jar;C:\Users\Micha\.m2\repository\joda-time\joda-time\2.1\joda-time-2.1.jar;C:\Users\Micha\.m2\repository\org\slf4j\slf4j-api\1.7.26\slf4j-api-1.7.26.jar;C:\Users\Micha\.m2\repository\org\camunda\commons\camunda-commons-utils\1.7.1\camunda-commons-utils-1.7.1.jar;C:\Users\Micha\.m2\repository\javax\servlet\javax.servlet-api\3.1.
Launcher Type: SUN_STANDARD

Environment Variables:
JAVA_HOME=C:\Program Files\Java\jdk1.8.0_231
PATH=C:/Program Files/Java/jre1.8.0_231/bin/server;C:/Program Files/Java/jre1.8.0_231/bin;C:/Program Files/Java/jre1.8.0_231/lib/amd64;C:\Program Files (x86)\Common Files\Oracle\Java\javapath;C:\WINDOWS\system32;C:\WINDOWS;C:\WINDOWS\System32\Wbem;C:\WINDOWS\System32\WindowsPowerShell\v1.0\;C:\WINDOWS\System32\OpenSSH\;C:\Program Files\nodejs\;C:\Program Files\Git\cmd;C:\Program Files\Java\jdk1.8.0_231\bin;C:\Users\Micha\AppData\Local\Microsoft\WindowsApps;C:\Users\Micha\AppData\Roaming\npm;C:\Program Files\Sublime Text 3;;C:\Users\Micha\OneDrive\Desktop;
USERNAME=Michael
OS=Windows_NT
PROCESSOR_IDENTIFIER=Intel64 Family 6 Model 58 Stepping 9, GenuineIntel



---------------  S Y S T E M  ---------------

OS: Windows 10.0 , 64 bit Build 18362 (10.0.18362.778)

CPU:total 4 (initial active 4) (2 cores per cpu, 2 threads per core) family 6 model 58 stepping 9, cmov, cx8, fxsr, mmx, sse, sse2, sse3, ssse3, sse4.1, sse4.2, popcnt, avx, aes, clmul, erms, ht, tsc, tscinvbit, tscinv

Memory: 4k page, physical 8264500k(1424560k free), swap 33430324k(3608k free)

vm_info: Java HotSpot(TM) 64-Bit Server VM (25.231-b11) for windows-amd64 JRE (1.8.0_231-b11), built on Oct  5 2019 03:11:30 by "java_re" with MS VC++ 10.0 (VS2010)

time: Tue May 05 11:01:53 2020
timezone: Mitteleuropäische Sommerzeit
elapsed time: 111 seconds (0d 0h 1m 51s)

