#
# There is insufficient memory for the Java Runtime Environment to continue.
# Native memory allocation (malloc) failed to allocate 1048576 bytes for AllocateHeap
# Possible reasons:
#   The system is out of physical RAM or swap space
#   The process is running with CompressedOops enabled, and the Java Heap may be blocking the growth of the native heap
# Possible solutions:
#   Reduce memory load on the system
#   Increase physical memory or swap space
#   Check if swap backing store is full
#   Decrease Java heap size (-Xmx/-Xms)
#   Decrease number of Java threads
#   Decrease Java thread stack sizes (-Xss)
#   Set larger code cache with -XX:ReservedCodeCacheSize=
#   JVM is running with Unscaled Compressed Oops mode in which the Java heap is
#     placed in the first 4GB address space. The Java Heap base address is the
#     maximum limit for the native heap growth. Please use -XX:HeapBaseMinAddress
#     to set the Java Heap base and to place the Java Heap above 4GB virtual address.
# This output file may be truncated or incomplete.
#
#  Out of Memory Error (memory/allocation.inline.hpp:61), pid=21516, tid=0x00000000000058a4
#
# JRE version:  (8.0_231-b11) (build )
# Java VM: Java HotSpot(TM) 64-Bit Server VM (25.231-b11 mixed mode windows-amd64 compressed oops)
# Failed to write core dump. Minidumps are not enabled by default on client versions of Windows
#

---------------  T H R E A D  ---------------

Current thread (0x00000000029ee800):  JavaThread "Unknown thread" [_thread_in_vm, id=22692, stack(0x00000000028b0000,0x00000000029b0000)]

Stack: [0x00000000028b0000,0x00000000029b0000]
[error occurred during error reporting (printing stack bounds), id 0xc0000005]

Native frames: (J=compiled Java code, j=interpreted, Vv=VM code, C=native code)


---------------  P R O C E S S  ---------------

Java Threads: ( => current thread )

Other Threads:

=>0x00000000029ee800 (exited) JavaThread "Unknown thread" [_thread_in_vm, id=22692, stack(0x00000000028b0000,0x00000000029b0000)]

VM state:not at safepoint (normal execution)

VM Mutex/Monitor currently owned by a thread: None

heap address: 0x0000000081e00000, size: 2018 MB, Compressed Oops mode: 32-bit
Narrow klass base: 0x0000000000000000, Narrow klass shift: 3
Compressed class space size: 1073741824 Address: 0x0000000100000000

Heap:
 PSYoungGen      total 38400K, used 665K [0x00000000d5f80000, 0x00000000d8a00000, 0x0000000100000000)
  eden space 33280K, 2% used [0x00000000d5f80000,0x00000000d6026670,0x00000000d8000000)
  from space 5120K, 0% used [0x00000000d8500000,0x00000000d8500000,0x00000000d8a00000)
  to   space 5120K, 0% used [0x00000000d8000000,0x00000000d8000000,0x00000000d8500000)
 ParOldGen       total 87552K, used 0K [0x0000000081e00000, 0x0000000087380000, 0x00000000d5f80000)
  object space 87552K, 0% used [0x0000000081e00000,0x0000000081e00000,0x0000000087380000)
 Metaspace       used 752K, capacity 4480K, committed 4480K, reserved 1056768K
  class space    used 76K, capacity 384K, committed 384K, reserved 1048576K

Card table byte_map: [0x0000000011ef0000,0x00000000122f0000] byte_map_base: 0x0000000011ae1000

Marking Bits: (ParMarkBitMap*) 0x000000005cce6d90
 Begin Bits: [0x00000000129a0000, 0x0000000014928000)
 End Bits:   [0x0000000014928000, 0x00000000168b0000)

Polling page: 0x0000000000ce0000

CodeCache: size=245760Kb used=328Kb max_used=328Kb free=245431Kb
 bounds [0x0000000002b30000, 0x0000000002da0000, 0x0000000011b30000]
 total_blobs=58 nmethods=0 adapters=38
 compilation: enabled

Compilation events (0 events):
No events

GC Heap History (0 events):
No events

Deoptimization events (0 events):
No events

Classes redefined (0 events):
No events

Internal exceptions (0 events):
No events

Events (10 events):
Event: 0.035 loading class java/lang/Short
Event: 0.035 loading class java/lang/Short done
Event: 0.035 loading class java/lang/Integer
Event: 0.035 loading class java/lang/Integer done
Event: 0.035 loading class java/lang/Long
Event: 0.035 loading class java/lang/Long done
Event: 0.036 loading class java/lang/NullPointerException
Event: 0.036 loading class java/lang/NullPointerException done
Event: 0.036 loading class java/lang/ArithmeticException
Event: 0.036 loading class java/lang/ArithmeticException done


Dynamic libraries:
0x00007ff61f570000 - 0x00007ff61f5a7000 	C:\Program Files\Java\jre1.8.0_231\bin\javaw.exe
0x00007ffc1b880000 - 0x00007ffc1ba70000 	C:\WINDOWS\SYSTEM32\ntdll.dll
0x00007ffc19e90000 - 0x00007ffc19f42000 	C:\WINDOWS\System32\KERNEL32.DLL
0x00007ffc19210000 - 0x00007ffc194b3000 	C:\WINDOWS\System32\KERNELBASE.dll
0x00007ffc1a530000 - 0x00007ffc1a5d3000 	C:\WINDOWS\System32\ADVAPI32.dll
0x00007ffc1a760000 - 0x00007ffc1a7fe000 	C:\WINDOWS\System32\msvcrt.dll
0x00007ffc1b330000 - 0x00007ffc1b3c7000 	C:\WINDOWS\System32\sechost.dll
0x00007ffc1a800000 - 0x00007ffc1a920000 	C:\WINDOWS\System32\RPCRT4.dll
0x00007ffc1a920000 - 0x00007ffc1aab4000 	C:\WINDOWS\System32\USER32.dll
0x00007ffc18960000 - 0x00007ffc18981000 	C:\WINDOWS\System32\win32u.dll
0x00007ffc1a730000 - 0x00007ffc1a756000 	C:\WINDOWS\System32\GDI32.dll
0x00007ffc19730000 - 0x00007ffc198c4000 	C:\WINDOWS\System32\gdi32full.dll
0x00007ffc19690000 - 0x00007ffc1972e000 	C:\WINDOWS\System32\msvcp_win.dll
0x00007ffc18860000 - 0x00007ffc1895a000 	C:\WINDOWS\System32\ucrtbase.dll
0x00007ffc0e0b0000 - 0x00007ffc0e335000 	C:\WINDOWS\WinSxS\amd64_microsoft.windows.common-controls_6595b64144ccf1df_6.0.18362.720_none_e6beb5c51314836b\COMCTL32.dll
0x00007ffc19b40000 - 0x00007ffc19e76000 	C:\WINDOWS\System32\combase.dll
0x00007ffc19610000 - 0x00007ffc19690000 	C:\WINDOWS\System32\bcryptPrimitives.dll
0x00007ffc1a1b0000 - 0x00007ffc1a1de000 	C:\WINDOWS\System32\IMM32.DLL
0x000000005bf80000 - 0x000000005c052000 	C:\Program Files\Java\jre1.8.0_231\bin\msvcr100.dll
0x000000005c4c0000 - 0x000000005cd66000 	C:\Program Files\Java\jre1.8.0_231\bin\server\jvm.dll
0x00007ffc1a720000 - 0x00007ffc1a728000 	C:\WINDOWS\System32\PSAPI.DLL
0x00007ffc084c0000 - 0x00007ffc084c9000 	C:\WINDOWS\SYSTEM32\WSOCK32.dll
0x00007ffc15580000 - 0x00007ffc155a4000 	C:\WINDOWS\SYSTEM32\WINMM.dll
0x00007ffc1a4c0000 - 0x00007ffc1a52f000 	C:\WINDOWS\System32\WS2_32.dll
0x00007ffc10330000 - 0x00007ffc1033a000 	C:\WINDOWS\SYSTEM32\VERSION.dll
0x00007ffc15550000 - 0x00007ffc1557d000 	C:\WINDOWS\SYSTEM32\WINMMBASE.dll
0x00007ffc18810000 - 0x00007ffc1885a000 	C:\WINDOWS\System32\cfgmgr32.dll
0x00007ffc05b60000 - 0x00007ffc05b6f000 	C:\Program Files\Java\jre1.8.0_231\bin\verify.dll
0x00007ffbeda60000 - 0x00007ffbeda89000 	C:\Program Files\Java\jre1.8.0_231\bin\java.dll
0x00007ffc03c70000 - 0x00007ffc03c86000 	C:\Program Files\Java\jre1.8.0_231\bin\zip.dll

VM Arguments:
jvm_args: -Dfile.encoding=UTF-8 
java_command: functionality.Main
java_class_path (initial): C:\Users\Micha\git\master-thesis-prototype\master-thesis-prototype\target\classes;C:\Users\Micha\.m2\repository\org\camunda\bpm\camunda-engine\7.11.0\camunda-engine-7.11.0.jar;C:\Users\Micha\.m2\repository\org\camunda\bpm\model\camunda-bpmn-model\7.11.0\camunda-bpmn-model-7.11.0.jar;C:\Users\Micha\.m2\repository\org\camunda\bpm\model\camunda-xml-model\7.11.0\camunda-xml-model-7.11.0.jar;C:\Users\Micha\.m2\repository\org\camunda\bpm\model\camunda-cmmn-model\7.11.0\camunda-cmmn-model-7.11.0.jar;C:\Users\Micha\.m2\repository\org\camunda\bpm\dmn\camunda-engine-dmn\7.11.0\camunda-engine-dmn-7.11.0.jar;C:\Users\Micha\.m2\repository\org\camunda\bpm\model\camunda-dmn-model\7.11.0\camunda-dmn-model-7.11.0.jar;C:\Users\Micha\.m2\repository\org\camunda\bpm\dmn\camunda-engine-feel-api\7.11.0\camunda-engine-feel-api-7.11.0.jar;C:\Users\Micha\.m2\repository\org\camunda\bpm\dmn\camunda-engine-feel-juel\7.11.0\camunda-engine-feel-juel-7.11.0.jar;C:\Users\Micha\.m2\repository\org\camunda\commons\camunda-commons-logging\1.7.1\camunda-commons-logging-1.7.1.jar;C:\Users\Micha\.m2\repository\org\camunda\commons\camunda-commons-typed-values\1.7.1\camunda-commons-typed-values-1.7.1.jar;C:\Users\Micha\.m2\repository\org\mybatis\mybatis\3.4.4\mybatis-3.4.4.jar;C:\Users\Micha\.m2\repository\org\springframework\spring-beans\3.2.18.RELEASE\spring-beans-3.2.18.RELEASE.jar;C:\Users\Micha\.m2\repository\org\springframework\spring-core\3.2.18.RELEASE\spring-core-3.2.18.RELEASE.jar;C:\Users\Micha\.m2\repository\commons-logging\commons-logging\1.1.3\commons-logging-1.1.3.jar;C:\Users\Micha\.m2\repository\com\google\code\gson\gson\2.8.5\gson-2.8.5.jar;C:\Users\Micha\.m2\repository\joda-time\joda-time\2.1\joda-time-2.1.jar;C:\Users\Micha\.m2\repository\org\slf4j\slf4j-api\1.7.26\slf4j-api-1.7.26.jar;C:\Users\Micha\.m2\repository\org\camunda\commons\camunda-commons-utils\1.7.1\camunda-commons-utils-1.7.1.jar;C:\Users\Micha\.m2\repository\javax\servlet\javax.servlet-api\3.1.
Launcher Type: SUN_STANDARD

Environment Variables:
JAVA_HOME=C:\Program Files\Java\jdk1.8.0_231
PATH=C:/Program Files/Java/jre1.8.0_231/bin/server;C:/Program Files/Java/jre1.8.0_231/bin;C:/Program Files/Java/jre1.8.0_231/lib/amd64;C:\Program Files (x86)\Common Files\Oracle\Java\javapath;C:\WINDOWS\system32;C:\WINDOWS;C:\WINDOWS\System32\Wbem;C:\WINDOWS\System32\WindowsPowerShell\v1.0\;C:\WINDOWS\System32\OpenSSH\;C:\Program Files\nodejs\;C:\Program Files\Git\cmd;C:\Program Files\Java\jdk1.8.0_231\bin;C:\Users\Micha\AppData\Local\Microsoft\WindowsApps;C:\Users\Micha\AppData\Roaming\npm;C:\Program Files\Sublime Text 3;;C:\Users\Micha\OneDrive\Desktop;
USERNAME=Michael
OS=Windows_NT
PROCESSOR_IDENTIFIER=Intel64 Family 6 Model 58 Stepping 9, GenuineIntel



---------------  S Y S T E M  ---------------

OS: Windows 10.0 , 64 bit Build 18362 (10.0.18362.329)

CPU:total 4 (initial active 4) (2 cores per cpu, 2 threads per core) family 6 model 58 stepping 9, cmov, cx8, fxsr, mmx, sse, sse2, sse3, ssse3, sse4.1, sse4.2, popcnt, avx, aes, clmul, erms, ht, tsc, tscinvbit, tscinv

Memory: 4k page, physical 8264500k(1930240k free), swap 33430324k(5372k free)

vm_info: Java HotSpot(TM) 64-Bit Server VM (25.231-b11) for windows-amd64 JRE (1.8.0_231-b11), built on Oct  5 2019 03:11:30 by "java_re" with MS VC++ 10.0 (VS2010)

time: Tue Apr 21 14:55:22 2020
timezone: Mitteleuropäische Sommerzeit
elapsed time: 0 seconds (0d 0h 0m 0s)

