#
# There is insufficient memory for the Java Runtime Environment to continue.
# Native memory allocation (malloc) failed to allocate 32744 bytes for ChunkPool::allocate
# Possible reasons:
#   The system is out of physical RAM or swap space
#   The process is running with CompressedOops enabled, and the Java Heap may be blocking the growth of the native heap
# Possible solutions:
#   Reduce memory load on the system
#   Increase physical memory or swap space
#   Check if swap backing store is full
#   Decrease Java heap size (-Xmx/-Xms)
#   Decrease number of Java threads
#   Decrease Java thread stack sizes (-Xss)
#   Set larger code cache with -XX:ReservedCodeCacheSize=
#   JVM is running with Unscaled Compressed Oops mode in which the Java heap is
#     placed in the first 4GB address space. The Java Heap base address is the
#     maximum limit for the native heap growth. Please use -XX:HeapBaseMinAddress
#     to set the Java Heap base and to place the Java Heap above 4GB virtual address.
# This output file may be truncated or incomplete.
#
#  Out of Memory Error (allocation.cpp:272), pid=11188, tid=0x0000000000003928
#
# JRE version: Java(TM) SE Runtime Environment (8.0_231-b11) (build 1.8.0_231-b11)
# Java VM: Java HotSpot(TM) 64-Bit Server VM (25.231-b11 mixed mode windows-amd64 compressed oops)
# Failed to write core dump. Minidumps are not enabled by default on client versions of Windows
#

---------------  T H R E A D  ---------------

Current thread (0x000000001761b800):  JavaThread "C1 CompilerThread2" daemon [_thread_in_native, id=14632, stack(0x0000000018e90000,0x0000000018f90000)]

Stack: [0x0000000018e90000,0x0000000018f90000]
[error occurred during error reporting (printing stack bounds), id 0xc0000005]

Native frames: (J=compiled Java code, j=interpreted, Vv=VM code, C=native code)


Current CompileTask:
C1:    364  177       3       jdk.internal.org.objectweb.asm.Frame::execute (2252 bytes)


---------------  P R O C E S S  ---------------

Java Threads: ( => current thread )
  0x000000001932c000 JavaThread "AWT-Windows" daemon [_thread_in_native, id=23076, stack(0x000000001aad0000,0x000000001abd0000)]
  0x0000000019329000 JavaThread "AWT-Shutdown" [_thread_blocked, id=12228, stack(0x000000001a7d0000,0x000000001a8d0000)]
  0x000000001974b800 JavaThread "Java2D Disposer" daemon [_thread_blocked, id=7208, stack(0x000000001a6d0000,0x000000001a7d0000)]
  0x0000000018fb0800 JavaThread "Service Thread" daemon [_thread_blocked, id=4564, stack(0x0000000019390000,0x0000000019490000)]
=>0x000000001761b800 JavaThread "C1 CompilerThread2" daemon [_thread_in_native, id=14632, stack(0x0000000018e90000,0x0000000018f90000)]
  0x0000000017617000 JavaThread "C2 CompilerThread1" daemon [_thread_blocked, id=6136, stack(0x0000000018d90000,0x0000000018e90000)]
  0x000000001760e000 JavaThread "C2 CompilerThread0" daemon [_thread_blocked, id=15932, stack(0x0000000018c90000,0x0000000018d90000)]
  0x000000001760c800 JavaThread "Attach Listener" daemon [_thread_blocked, id=15376, stack(0x0000000018b90000,0x0000000018c90000)]
  0x000000001760b000 JavaThread "Signal Dispatcher" daemon [_thread_blocked, id=8080, stack(0x0000000018a90000,0x0000000018b90000)]
  0x0000000002aec000 JavaThread "Finalizer" daemon [_thread_blocked, id=4240, stack(0x0000000018860000,0x0000000018960000)]
  0x0000000002ae1000 JavaThread "Reference Handler" daemon [_thread_blocked, id=21288, stack(0x0000000018760000,0x0000000018860000)]
  0x00000000029ee800 JavaThread "main" [_thread_in_Java, id=23668, stack(0x0000000002880000,0x0000000002980000)]

Other Threads:
  0x00000000175d7800 VMThread [stack: 0x0000000018660000,0x0000000018760000] [id=22136]
  0x0000000018fb9800 WatcherThread [stack: 0x0000000019490000,0x0000000019590000] [id=23996]

VM state:not at safepoint (normal execution)

VM Mutex/Monitor currently owned by a thread: None

heap address: 0x0000000081e00000, size: 2018 MB, Compressed Oops mode: 32-bit
Narrow klass base: 0x0000000000000000, Narrow klass shift: 3
Compressed class space size: 1073741824 Address: 0x0000000100000000

Heap:
 PSYoungGen      total 38400K, used 998K [0x00000000d5f80000, 0x00000000d8a00000, 0x0000000100000000)
  eden space 33280K, 3% used [0x00000000d5f80000,0x00000000d6079ad0,0x00000000d8000000)
  from space 5120K, 0% used [0x00000000d8000000,0x00000000d8000000,0x00000000d8500000)
  to   space 5120K, 0% used [0x00000000d8500000,0x00000000d8500000,0x00000000d8a00000)
 ParOldGen       total 59904K, used 709K [0x0000000081e00000, 0x0000000085880000, 0x00000000d5f80000)
  object space 59904K, 1% used [0x0000000081e00000,0x0000000081eb1538,0x0000000085880000)
 Metaspace       used 6304K, capacity 6454K, committed 6784K, reserved 1058816K
  class space    used 762K, capacity 835K, committed 896K, reserved 1048576K

Card table byte_map: [0x0000000011eb0000,0x00000000122b0000] byte_map_base: 0x0000000011aa1000

Marking Bits: (ParMarkBitMap*) 0x0000000057576d90
 Begin Bits: [0x0000000012960000, 0x00000000148e8000)
 End Bits:   [0x00000000148e8000, 0x0000000016870000)

Polling page: 0x0000000000c00000

CodeCache: size=245760Kb used=1395Kb max_used=1402Kb free=244364Kb
 bounds [0x0000000002af0000, 0x0000000002d60000, 0x0000000011af0000]
 total_blobs=533 nmethods=191 adapters=255
 compilation: enabled

Compilation events (10 events):
Event: 0.246 Thread 0x000000001761b800  168       3       java.util.Arrays$ArrayList::size (6 bytes)
Event: 0.246 Thread 0x000000001761b800 nmethod 168 0x0000000002c3bc10 code [0x0000000002c3bd60, 0x0000000002c3beb0]
Event: 0.246 Thread 0x000000001761b800  169       3       java.util.Collections$UnmodifiableCollection$1::hasNext (10 bytes)
Event: 0.246 Thread 0x000000001761b800 nmethod 169 0x0000000002c3bf50 code [0x0000000002c3c0c0, 0x0000000002c3c2e8]
Event: 0.246 Thread 0x000000001761b800  170       3       java.lang.invoke.InvokerBytecodeGenerator::isStaticallyNameable (116 bytes)
Event: 0.246 Thread 0x000000001760e000  173       4       java.lang.AbstractStringBuilder::ensureCapacityInternal (27 bytes)
Event: 0.249 Thread 0x000000001761b800 nmethod 170 0x0000000002c3cc90 code [0x0000000002c3d000, 0x0000000002c3f0d8]
Event: 0.249 Thread 0x000000001761b800  177       3       jdk.internal.org.objectweb.asm.Frame::execute (2252 bytes)
Event: 0.250 Thread 0x000000001760e000 nmethod 173 0x0000000002c43550 code [0x0000000002c436a0, 0x0000000002c43988]
Event: 0.251 Thread 0x0000000017617000  189       4       jdk.internal.org.objectweb.asm.ByteVector::putUTF8 (142 bytes)

GC Heap History (0 events):
No events

Deoptimization events (0 events):
No events

Classes redefined (0 events):
No events

Internal exceptions (8 events):
Event: 0.054 Thread 0x00000000029ee800 Exception <a 'java/lang/NoSuchMethodError': Method sun.misc.Unsafe.defineClass(Ljava/lang/String;[BII)Ljava/lang/Class; name or signature does not match> (0x00000000d5f87cb8) thrown at [C:\re\workspace\8-2-build-windows-amd64-cygwin\jdk8u231\13620\hotspot
Event: 0.054 Thread 0x00000000029ee800 Exception <a 'java/lang/NoSuchMethodError': Method sun.misc.Unsafe.prefetchRead(Ljava/lang/Object;J)V name or signature does not match> (0x00000000d5f87fa0) thrown at [C:\re\workspace\8-2-build-windows-amd64-cygwin\jdk8u231\13620\hotspot\src\share\vm\prim
Event: 0.174 Thread 0x00000000029ee800 Exception <a 'java/security/PrivilegedActionException'> (0x00000000d60149e8) thrown at [C:\re\workspace\8-2-build-windows-amd64-cygwin\jdk8u231\13620\hotspot\src\share\vm\prims\jvm.cpp, line 1502]
Event: 0.174 Thread 0x00000000029ee800 Exception <a 'java/security/PrivilegedActionException'> (0x00000000d6014bf8) thrown at [C:\re\workspace\8-2-build-windows-amd64-cygwin\jdk8u231\13620\hotspot\src\share\vm\prims\jvm.cpp, line 1502]
Event: 0.176 Thread 0x00000000029ee800 Exception <a 'java/security/PrivilegedActionException'> (0x00000000d6018868) thrown at [C:\re\workspace\8-2-build-windows-amd64-cygwin\jdk8u231\13620\hotspot\src\share\vm\prims\jvm.cpp, line 1502]
Event: 0.176 Thread 0x00000000029ee800 Exception <a 'java/security/PrivilegedActionException'> (0x00000000d6018a78) thrown at [C:\re\workspace\8-2-build-windows-amd64-cygwin\jdk8u231\13620\hotspot\src\share\vm\prims\jvm.cpp, line 1502]
Event: 0.201 Thread 0x00000000029ee800 Exception <a 'java/io/FileNotFoundException'> (0x00000000d6137a38) thrown at [C:\re\workspace\8-2-build-windows-amd64-cygwin\jdk8u231\13620\hotspot\src\share\vm\prims\jni.cpp, line 710]
Event: 0.250 Thread 0x00000000029ee800 Exception <a 'java/lang/NoSuchFieldError': method resolution failed> (0x00000000d6208b28) thrown at [C:\re\workspace\8-2-build-windows-amd64-cygwin\jdk8u231\13620\hotspot\src\share\vm\prims\methodHandles.cpp, line 1167]

Events (10 events):
Event: 0.236 loading class java/lang/invoke/WrongMethodTypeException
Event: 0.236 loading class java/lang/invoke/WrongMethodTypeException done
Event: 0.238 loading class java/lang/invoke/MethodHandleImpl$Lazy
Event: 0.239 loading class java/lang/invoke/MethodHandleImpl$Lazy done
Event: 0.239 loading class java/lang/invoke/MethodHandleImpl$IntrinsicMethodHandle
Event: 0.239 loading class java/lang/invoke/MethodHandleImpl$IntrinsicMethodHandle done
Event: 0.250 loading class java/lang/NoSuchFieldError
Event: 0.250 loading class java/lang/NoSuchFieldError done
Event: 0.250 loading class java/lang/IllegalAccessException
Event: 0.250 loading class java/lang/IllegalAccessException done


Dynamic libraries:
0x00007ff6f0760000 - 0x00007ff6f0797000 	C:\Program Files\Java\jre1.8.0_231\bin\javaw.exe
0x00007fffb5500000 - 0x00007fffb56f0000 	C:\WINDOWS\SYSTEM32\ntdll.dll
0x00007fffb4170000 - 0x00007fffb4222000 	C:\WINDOWS\System32\KERNEL32.DLL
0x00007fffb2eb0000 - 0x00007fffb3153000 	C:\WINDOWS\System32\KERNELBASE.dll
0x00007fffb4040000 - 0x00007fffb40e3000 	C:\WINDOWS\System32\ADVAPI32.dll
0x00007fffb38f0000 - 0x00007fffb398e000 	C:\WINDOWS\System32\msvcrt.dll
0x00007fffb3780000 - 0x00007fffb3817000 	C:\WINDOWS\System32\sechost.dll
0x00007fffb35b0000 - 0x00007fffb36d0000 	C:\WINDOWS\System32\RPCRT4.dll
0x00007fffb3aa0000 - 0x00007fffb3c34000 	C:\WINDOWS\System32\USER32.dll
0x00007fffb2cb0000 - 0x00007fffb2cd1000 	C:\WINDOWS\System32\win32u.dll
0x00007fffb4520000 - 0x00007fffb4546000 	C:\WINDOWS\System32\GDI32.dll
0x00007fffb2ce0000 - 0x00007fffb2e74000 	C:\WINDOWS\System32\gdi32full.dll
0x00007fffb3510000 - 0x00007fffb35ae000 	C:\WINDOWS\System32\msvcp_win.dll
0x00007fffb3210000 - 0x00007fffb330a000 	C:\WINDOWS\System32\ucrtbase.dll
0x00007fffaa020000 - 0x00007fffaa2a5000 	C:\WINDOWS\WinSxS\amd64_microsoft.windows.common-controls_6595b64144ccf1df_6.0.18362.778_none_e6c6b761130d4fb8\COMCTL32.dll
0x00007fffb50d0000 - 0x00007fffb5406000 	C:\WINDOWS\System32\combase.dll
0x00007fffb2c10000 - 0x00007fffb2c90000 	C:\WINDOWS\System32\bcryptPrimitives.dll
0x00007fffb5410000 - 0x00007fffb543e000 	C:\WINDOWS\System32\IMM32.DLL
0x0000000056b90000 - 0x0000000056c62000 	C:\Program Files\Java\jre1.8.0_231\bin\msvcr100.dll
0x0000000056d50000 - 0x00000000575f6000 	C:\Program Files\Java\jre1.8.0_231\bin\server\jvm.dll
0x00007fffb4030000 - 0x00007fffb4038000 	C:\WINDOWS\System32\PSAPI.DLL
0x00007fffacf90000 - 0x00007fffacf99000 	C:\WINDOWS\SYSTEM32\WSOCK32.dll
0x00007fffb3ed0000 - 0x00007fffb3f3f000 	C:\WINDOWS\System32\WS2_32.dll
0x00007fffac6b0000 - 0x00007fffac6d4000 	C:\WINDOWS\SYSTEM32\WINMM.dll
0x00007fffab670000 - 0x00007fffab67a000 	C:\WINDOWS\SYSTEM32\VERSION.dll
0x00007fffac680000 - 0x00007fffac6ad000 	C:\WINDOWS\SYSTEM32\WINMMBASE.dll
0x00007fffb3460000 - 0x00007fffb34aa000 	C:\WINDOWS\System32\cfgmgr32.dll
0x00007fffacf80000 - 0x00007fffacf8f000 	C:\Program Files\Java\jre1.8.0_231\bin\verify.dll
0x00007fffab810000 - 0x00007fffab839000 	C:\Program Files\Java\jre1.8.0_231\bin\java.dll
0x00007fffac4d0000 - 0x00007fffac4e6000 	C:\Program Files\Java\jre1.8.0_231\bin\zip.dll
0x00007fffb4560000 - 0x00007fffb4c45000 	C:\WINDOWS\System32\SHELL32.dll
0x00007fffb3990000 - 0x00007fffb3a39000 	C:\WINDOWS\System32\shcore.dll
0x00007fffb2490000 - 0x00007fffb2c10000 	C:\WINDOWS\System32\windows.storage.dll
0x00007fffb23f0000 - 0x00007fffb2413000 	C:\WINDOWS\System32\profapi.dll
0x00007fffb2440000 - 0x00007fffb248a000 	C:\WINDOWS\System32\powrprof.dll
0x00007fffb23c0000 - 0x00007fffb23d0000 	C:\WINDOWS\System32\UMPDC.dll
0x00007fffb3a40000 - 0x00007fffb3a92000 	C:\WINDOWS\System32\shlwapi.dll
0x00007fffb2420000 - 0x00007fffb2431000 	C:\WINDOWS\System32\kernel.appcore.dll
0x00007fffb2c90000 - 0x00007fffb2ca7000 	C:\WINDOWS\System32\cryptsp.dll
0x00007fff9c010000 - 0x00007fff9c1aa000 	C:\Program Files\Java\jre1.8.0_231\bin\awt.dll
0x00007fffb3820000 - 0x00007fffb38e4000 	C:\WINDOWS\System32\OLEAUT32.dll
0x00007fffb0460000 - 0x00007fffb04ef000 	C:\WINDOWS\SYSTEM32\apphelp.dll
0x00007fffb0860000 - 0x00007fffb08f9000 	C:\WINDOWS\system32\uxtheme.dll
0x00007fffb43e0000 - 0x00007fffb4516000 	C:\WINDOWS\System32\MSCTF.dll
0x00007fffb3c40000 - 0x00007fffb3d97000 	C:\WINDOWS\System32\ole32.dll
0x00007fffb0bf0000 - 0x00007fffb0c1d000 	C:\WINDOWS\system32\DWMAPI.DLL

VM Arguments:
jvm_args: -Dfile.encoding=UTF-8 
java_command: functionality.Main
java_class_path (initial): C:\Users\Micha\git\master-thesis-prototype\master-thesis-prototype\target\classes;C:\Users\Micha\.m2\repository\org\camunda\bpm\camunda-engine\7.11.0\camunda-engine-7.11.0.jar;C:\Users\Micha\.m2\repository\org\camunda\bpm\model\camunda-bpmn-model\7.11.0\camunda-bpmn-model-7.11.0.jar;C:\Users\Micha\.m2\repository\org\camunda\bpm\model\camunda-xml-model\7.11.0\camunda-xml-model-7.11.0.jar;C:\Users\Micha\.m2\repository\org\camunda\bpm\model\camunda-cmmn-model\7.11.0\camunda-cmmn-model-7.11.0.jar;C:\Users\Micha\.m2\repository\org\camunda\bpm\dmn\camunda-engine-dmn\7.11.0\camunda-engine-dmn-7.11.0.jar;C:\Users\Micha\.m2\repository\org\camunda\bpm\model\camunda-dmn-model\7.11.0\camunda-dmn-model-7.11.0.jar;C:\Users\Micha\.m2\repository\org\camunda\bpm\dmn\camunda-engine-feel-api\7.11.0\camunda-engine-feel-api-7.11.0.jar;C:\Users\Micha\.m2\repository\org\camunda\bpm\dmn\camunda-engine-feel-juel\7.11.0\camunda-engine-feel-juel-7.11.0.jar;C:\Users\Micha\.m2\repository\org\camunda\commons\camunda-commons-logging\1.7.1\camunda-commons-logging-1.7.1.jar;C:\Users\Micha\.m2\repository\org\camunda\commons\camunda-commons-typed-values\1.7.1\camunda-commons-typed-values-1.7.1.jar;C:\Users\Micha\.m2\repository\org\mybatis\mybatis\3.4.4\mybatis-3.4.4.jar;C:\Users\Micha\.m2\repository\org\springframework\spring-beans\3.2.18.RELEASE\spring-beans-3.2.18.RELEASE.jar;C:\Users\Micha\.m2\repository\org\springframework\spring-core\3.2.18.RELEASE\spring-core-3.2.18.RELEASE.jar;C:\Users\Micha\.m2\repository\commons-logging\commons-logging\1.1.3\commons-logging-1.1.3.jar;C:\Users\Micha\.m2\repository\com\google\code\gson\gson\2.8.5\gson-2.8.5.jar;C:\Users\Micha\.m2\repository\joda-time\joda-time\2.1\joda-time-2.1.jar;C:\Users\Micha\.m2\repository\org\slf4j\slf4j-api\1.7.26\slf4j-api-1.7.26.jar;C:\Users\Micha\.m2\repository\org\camunda\commons\camunda-commons-utils\1.7.1\camunda-commons-utils-1.7.1.jar;C:\Users\Micha\.m2\repository\javax\servlet\javax.servlet-api\3.1.
Launcher Type: SUN_STANDARD

Environment Variables:
JAVA_HOME=C:\Program Files\Java\jdk1.8.0_231
PATH=C:/Program Files/Java/jre1.8.0_231/bin/server;C:/Program Files/Java/jre1.8.0_231/bin;C:/Program Files/Java/jre1.8.0_231/lib/amd64;C:\Program Files (x86)\Common Files\Oracle\Java\javapath;C:\WINDOWS\system32;C:\WINDOWS;C:\WINDOWS\System32\Wbem;C:\WINDOWS\System32\WindowsPowerShell\v1.0\;C:\WINDOWS\System32\OpenSSH\;C:\Program Files\nodejs\;C:\Program Files\Git\cmd;C:\Program Files\Java\jdk1.8.0_231\bin;C:\Users\Micha\AppData\Local\Microsoft\WindowsApps;C:\Users\Micha\AppData\Roaming\npm;C:\Program Files\Sublime Text 3;;C:\Users\Micha\OneDrive\Desktop;
USERNAME=Michael
OS=Windows_NT
PROCESSOR_IDENTIFIER=Intel64 Family 6 Model 58 Stepping 9, GenuineIntel



---------------  S Y S T E M  ---------------

OS: Windows 10.0 , 64 bit Build 18362 (10.0.18362.778)

CPU:total 4 (initial active 4) (2 cores per cpu, 2 threads per core) family 6 model 58 stepping 9, cmov, cx8, fxsr, mmx, sse, sse2, sse3, ssse3, sse4.1, sse4.2, popcnt, avx, aes, clmul, erms, ht, tsc, tscinvbit, tscinv

Memory: 4k page, physical 8264500k(1521168k free), swap 33430324k(28260k free)

vm_info: Java HotSpot(TM) 64-Bit Server VM (25.231-b11) for windows-amd64 JRE (1.8.0_231-b11), built on Oct  5 2019 03:11:30 by "java_re" with MS VC++ 10.0 (VS2010)

time: Tue May 05 11:11:58 2020
timezone: Mitteleuropäische Sommerzeit
elapsed time: 0 seconds (0d 0h 0m 0s)

